/tmp/apply_requested_fix.py:110: SyntaxWarning: invalid escape sequence '\D'
  '''function DevicesView({ user, devices, reload, notify }: { user: User; devices: Device[]; reload: () => Promise<void>; notify: (value: string) => void }) {
/tmp/apply_requested_fix.py:359: SyntaxWarning: invalid escape sequence '\d'
  '''Future<void> _showPairDialog(
/tmp/apply_requested_fix.py:689: SyntaxWarning: invalid escape sequence '\.'
  '''import assert from "node:assert/strict";
Traceback (most recent call last):
  File "/tmp/apply_requested_fix.py", line 107, in <module>
    replace_regex(
  File "/tmp/apply_requested_fix.py", line 20, in replace_regex
    updated, count = re.subn(pattern, replacement, text, count=1, flags=re.DOTALL)
                     ^^^^^^^^^^^^^^^^^^^^^^^^^^^^^^^^^^^^^^^^^^^^^^^^^^^^^^^^^^^^^
  File "/usr/lib/python3.12/re/__init__.py", line 197, in subn
    return _compile(pattern, flags).subn(repl, string, count)
           ^^^^^^^^^^^^^^^^^^^^^^^^^^^^^^^^^^^^^^^^^^^^^^^^^^
  File "/usr/lib/python3.12/re/__init__.py", line 334, in _compile_template
    return _sre.template(pattern, _parser.parse_template(repl, pattern))
                                  ^^^^^^^^^^^^^^^^^^^^^^^^^^^^^^^^^^^^^
  File "/usr/lib/python3.12/re/_parser.py", line 1075, in parse_template
    raise s.error('bad escape %s' % this, len(this)) from None
re.error: bad escape \D at position 4951 (line 77, column 379)
