use random_totp_secret: expected exactly one match, found 2
NexDrop 安裝條件：
  - PostgreSQL 密碼至少 16 字元；可使用英數及 . _ ~ ! @ % + , : / - 特殊字元。
  - 分頁游標秘密至少 32 字元；安裝後與版本更新時不可任意更換。
  - 管理員名稱為 3–64 字元、電子郵件須含 @、密碼至少 12 字元；Bootstrap 密碼可使用與 PostgreSQL 相同的特殊字元。
  - NEXDROP_DOMAIN 只填網域或 IP，不包含 https://。
  - update 會保留 .env 與所有秘密，並先備份再切換映像。
  - 安裝後可執行 ./deploy/nexdrop credentials 再次查看登入資料。
安裝完成。首次管理員登入資料如下；請立即安全保存：
  帳號：admin
  電子郵件：admin@example.com
  密碼：b88ad3fd981ffecf4f4b65a57406d06fb8468d31dba7d15d
設定已保存於 .env。之後可執行 ./deploy/nexdrop credentials 再次查看。
NexDrop 安裝條件：
  - PostgreSQL 密碼至少 16 字元；可使用英數及 . _ ~ ! @ % + , : / - 特殊字元。
  - 分頁游標秘密至少 32 字元；安裝後與版本更新時不可任意更換。
  - 管理員名稱為 3–64 字元、電子郵件須含 @、密碼至少 12 字元；Bootstrap 密碼可使用與 PostgreSQL 相同的特殊字元。
  - NEXDROP_DOMAIN 只填網域或 IP，不包含 https://。
  - update 會保留 .env 與所有秘密，並先備份再切換映像。
  - 安裝後可執行 ./deploy/nexdrop credentials 再次查看登入資料。

已產生安全隨機預設：
  節點網域：localhost
  管理員帳號：admin
  管理員電子郵件：admin@example.com
  管理員密碼：d7c142321a0edc6fd4331328b4fb2422f17ac85476a27f13
  PostgreSQL 密碼：8c59551e86701071e29490ab870d33a5a03d6eee9a11ba0e1ef980de2a8fb447
  分頁游標秘密：1fa7393107d6d3967058812e65791569813049bcaa200180f13f8d1940fe719d
  節點密鑰：40cfcf611626944dc59d6d06724cc69198c925f926fcf7488d87c160d534079f
  Web OTP 密鑰：4RMG6CKDYYJBLWDSIGEWPTLJGWMWDPUA
接受預設 [a]、逐項更新全部設定 [e]、重新隨機全部秘密 [r]（預設 a）: 
已產生安全隨機預設：
  節點網域：localhost
  管理員帳號：admin
  管理員電子郵件：admin@example.com
  管理員密碼：82785e6abf7c9a9b869cea354a8d37cc1cc063bce5eee0ed
  PostgreSQL 密碼：0eda48e784b15e13ba41cc1b9017abf23f7970ab2b4a720a0e5fda195a88f98e
  分頁游標秘密：f596f1908bcf15d474c03565096439c36e4940f0ab6714b9323a98db693ee616
  節點密鑰：36c70e3c38ce3c841eb398b54e7e291e9858a00fea340d141a3a54cde656bb6a
  Web OTP 密鑰：FZJ7FJEHEFVFVYSRDFQI32VOV6AH2KPQ
接受預設 [a]、逐項更新全部設定 [e]、重新隨機全部秘密 [r]（預設 a）: 安裝完成。首次管理員登入資料如下；請立即安全保存：
  帳號：admin
  電子郵件：admin@example.com
  密碼：82785e6abf7c9a9b869cea354a8d37cc1cc063bce5eee0ed
設定已保存於 .env。之後可執行 ./deploy/nexdrop credentials 再次查看。
NexDrop 安裝條件：
  - PostgreSQL 密碼至少 16 字元；可使用英數及 . _ ~ ! @ % + , : / - 特殊字元。
  - 分頁游標秘密至少 32 字元；安裝後與版本更新時不可任意更換。
  - 管理員名稱為 3–64 字元、電子郵件須含 @、密碼至少 12 字元；Bootstrap 密碼可使用與 PostgreSQL 相同的特殊字元。
  - NEXDROP_DOMAIN 只填網域或 IP，不包含 https://。
  - update 會保留 .env 與所有秘密，並先備份再切換映像。
  - 安裝後可執行 ./deploy/nexdrop credentials 再次查看登入資料。

偵測到既有設定：
  節點網域：localhost
  管理員帳號：admin
  管理員電子郵件：admin@example.com
  Bootstrap 初始密碼：82785e6abf7c9a9b869cea354a8d37cc1cc063bce5eee0ed（若已重設則失效）
沿用設定 [a]、查看全部秘密 [s]，或更新網域／管理員資料 [e]（預設 a）: 節點網域 [localhost]: 管理員帳號 [admin]: 管理員電子郵件 [admin@example.com]: Bootstrap 管理員密碼（留空保留目前值）: 更新完成；.env、PostgreSQL 密碼與 NEXDROP_CURSOR_SECRET 均保持不變。
NexDrop 安裝條件：
  - PostgreSQL 密碼至少 16 字元；可使用英數及 . _ ~ ! @ % + , : / - 特殊字元。
  - 分頁游標秘密至少 32 字元；安裝後與版本更新時不可任意更換。
  - 管理員名稱為 3–64 字元、電子郵件須含 @、密碼至少 12 字元；Bootstrap 密碼可使用與 PostgreSQL 相同的特殊字元。
  - NEXDROP_DOMAIN 只填網域或 IP，不包含 https://。
  - update 會保留 .env 與所有秘密，並先備份再切換映像。
  - 安裝後可執行 ./deploy/nexdrop credentials 再次查看登入資料。

偵測到既有設定：
  節點網域：localhost
  管理員帳號：admin
  管理員電子郵件：admin@example.com
  Bootstrap 初始密碼：valid-admin-password-123（若已重設則失效）
沿用設定 [a]、查看全部秘密 [s]，或更新網域／管理員資料 [e]（預設 a）: 要更新目前管理員登入密碼嗎？ [y/N]: 要更新 PostgreSQL 密碼嗎？ [y/N]: 新 PostgreSQL 密碼（輸入 r 可重新隨機產生）（留空保留目前值）: PostgreSQL 密碼已同步更新至資料庫與 .env。
要更新分頁游標秘密嗎？（既有游標會立即失效） [y/N]: 新分頁游標秘密（輸入 r 可重新隨機產生）（留空保留目前值）: 分頁游標秘密已更新；所有先前游標均已失效。
偵測到最新正式版本：1.2.5
更新完成；.env、PostgreSQL 密碼與 NEXDROP_CURSOR_SECRET 均保持不變。
deploy flow tests passed
